1729
42
[error] (run-main-0) java.util.NoSuchElementException: key not found: x
[error] java.util.NoSuchElementException: key not found: x
[error] 	at scala.collection.immutable.Map$EmptyMap$.apply(Map.scala:97)
[error] 	at scala.collection.immutable.Map$EmptyMap$.apply(Map.scala:95)
[error] 	at hw6part1$Var.eval(hw6part1.scala:18)
[error] 	at hw6part1$.$anonfun$eval$2(hw6part1.scala:94)
[error] 	at hw6part1$.$anonfun$eval$2$adapted(hw6part1.scala:94)
[error] 	at scala.collection.TraversableLike.$anonfun$map$1(TraversableLike.scala:234)
[error] 	at scala.collection.IndexedSeqOptimized.foreach(IndexedSeqOptimized.scala:32)
[error] 	at scala.collection.IndexedSeqOptimized.foreach$(IndexedSeqOptimized.scala:29)
[error] 	at scala.collection.mutable.WrappedArray.foreach(WrappedArray.scala:38)
[error] 	at scala.collection.TraversableLike.map(TraversableLike.scala:234)
[error] 	at scala.collection.TraversableLike.map$(TraversableLike.scala:227)
[error] 	at scala.collection.AbstractTraversable.map(Traversable.scala:104)
[error] 	at hw6part1$.eval(hw6part1.scala:94)
[error] 	at hw6part1$Prog.makeMap$1(hw6part1.scala:140)
[error] 	at hw6part1$Prog.eval(hw6part1.scala:146)
[error] 	at hw6part1$.delayedEndpoint$hw6part1$1(hw6part1.scala:180)
[error] 	at hw6part1$delayedInit$body.apply(hw6part1.scala:4)
[error] 	at scala.Function0.apply$mcV$sp(Function0.scala:34)
[error] 	at scala.Function0.apply$mcV$sp$(Function0.scala:34)
[error] 	at scala.runtime.AbstractFunction0.apply$mcV$sp(AbstractFunction0.scala:12)
[error] 	at scala.App.$anonfun$main$1$adapted(App.scala:76)
[error] 	at scala.collection.immutable.List.foreach(List.scala:389)
[error] 	at scala.App.main(App.scala:76)
[error] 	at scala.App.main$(App.scala:74)
[error] 	at hw6part1$.main(hw6part1.scala:4)
[error] 	at hw6part1.main(hw6part1.scala)
[error] 	at sun.reflect.NativeMethodAccessorImpl.invoke0(Native Method)
[error] 	at sun.reflect.NativeMethodAccessorImpl.invoke(NativeMethodAccessorImpl.java:62)
[error] 	at sun.reflect.DelegatingMethodAccessorImpl.invoke(DelegatingMethodAccessorImpl.java:43)
[error] 	at java.lang.reflect.Method.invoke(Method.java:498)
[error] 	at sbt.Run.invokeMain(Run.scala:93)
[error] 	at sbt.Run.run0(Run.scala:87)
[error] 	at sbt.Run.execute$1(Run.scala:65)
[error] 	at sbt.Run.$anonfun$run$4(Run.scala:77)
[error] 	at scala.runtime.java8.JFunction0$mcV$sp.apply(JFunction0$mcV$sp.java:12)
[error] 	at sbt.util.InterfaceUtil$$anon$1.get(InterfaceUtil.scala:10)
[error] 	at sbt.TrapExit$App.run(TrapExit.scala:252)
[error] 	at java.lang.Thread.run(Thread.java:748)
[error] java.lang.RuntimeException: Nonzero exit code: 1
[error] 	at sbt.Run$.executeTrapExit(Run.scala:124)
[error] 	at sbt.Run.run(Run.scala:77)
[error] 	at sbt.Defaults$.$anonfun$bgRunMainTask$6(Defaults.scala:1147)
[error] 	at sbt.Defaults$.$anonfun$bgRunMainTask$6$adapted(Defaults.scala:1142)
[error] 	at sbt.internal.BackgroundThreadPool.$anonfun$run$1(DefaultBackgroundJobService.scala:366)
[error] 	at scala.runtime.java8.JFunction0$mcV$sp.apply(JFunction0$mcV$sp.java:12)
[error] 	at scala.util.Try$.apply(Try.scala:209)
[error] 	at sbt.internal.BackgroundThreadPool$BackgroundRunnable.run(DefaultBackgroundJobService.scala:289)
[error] 	at java.util.concurrent.ThreadPoolExecutor.runWorker(ThreadPoolExecutor.java:1149)
[error] 	at java.util.concurrent.ThreadPoolExecutor$Worker.run(ThreadPoolExecutor.java:624)
[error] 	at java.lang.Thread.run(Thread.java:748)
[error] (Compile / runMain) Nonzero exit code: 1
[error] Total time: 1 s, completed Mar 16, 2018 1:45:14 AM
[error] (run-main-0) java.util.NoSuchElementException: key not found: x
[error] java.util.NoSuchElementException: key not found: x
[error] 	at scala.collection.immutable.Map$EmptyMap$.apply(Map.scala:97)
[error] 	at scala.collection.immutable.Map$EmptyMap$.apply(Map.scala:95)
[error] 	at hw6part1$Var.eval(hw6part1.scala:18)
[error] 	at hw6part1$.$anonfun$eval$2(hw6part1.scala:94)
[error] 	at hw6part1$.$anonfun$eval$2$adapted(hw6part1.scala:94)
[error] 	at scala.collection.TraversableLike.$anonfun$map$1(TraversableLike.scala:234)
[error] 	at scala.collection.IndexedSeqOptimized.foreach(IndexedSeqOptimized.scala:32)
[error] 	at scala.collection.IndexedSeqOptimized.foreach$(IndexedSeqOptimized.scala:29)
[error] 	at scala.collection.mutable.WrappedArray.foreach(WrappedArray.scala:38)
[error] 	at scala.collection.TraversableLike.map(TraversableLike.scala:234)
[error] 	at scala.collection.TraversableLike.map$(TraversableLike.scala:227)
[error] 	at scala.collection.AbstractTraversable.map(Traversable.scala:104)
[error] 	at hw6part1$.eval(hw6part1.scala:94)
[error] 	at hw6part1$Prog.makeMap$1(hw6part1.scala:140)
[error] 	at hw6part1$Prog.eval(hw6part1.scala:146)
[error] 	at hw6part1$.delayedEndpoint$hw6part1$1(hw6part1.scala:180)
[error] 	at hw6part1$delayedInit$body.apply(hw6part1.scala:4)
[error] 	at scala.Function0.apply$mcV$sp(Function0.scala:34)
[error] 	at scala.Function0.apply$mcV$sp$(Function0.scala:34)
[error] 	at scala.runtime.AbstractFunction0.apply$mcV$sp(AbstractFunction0.scala:12)
[error] 	at scala.App.$anonfun$main$1$adapted(App.scala:76)
[error] 	at scala.collection.immutable.List.foreach(List.scala:389)
[error] 	at scala.App.main(App.scala:76)
[error] 	at scala.App.main$(App.scala:74)
[error] 	at hw6part1$.main(hw6part1.scala:4)
[error] 	at hw6part1.main(hw6part1.scala)
[error] 	at sun.reflect.NativeMethodAccessorImpl.invoke0(Native Method)
[error] 	at sun.reflect.NativeMethodAccessorImpl.invoke(NativeMethodAccessorImpl.java:62)
[error] 	at sun.reflect.DelegatingMethodAccessorImpl.invoke(DelegatingMethodAccessorImpl.java:43)
[error] 	at java.lang.reflect.Method.invoke(Method.java:498)
[error] 	at sbt.Run.invokeMain(Run.scala:93)
[error] 	at sbt.Run.run0(Run.scala:87)
[error] 	at sbt.Run.execute$1(Run.scala:65)
[error] 	at sbt.Run.$anonfun$run$4(Run.scala:77)
[error] 	at scala.runtime.java8.JFunction0$mcV$sp.apply(JFunction0$mcV$sp.java:12)
[error] 	at sbt.util.InterfaceUtil$$anon$1.get(InterfaceUtil.scala:10)
[error] 	at sbt.TrapExit$App.run(TrapExit.scala:252)
[error] 	at java.lang.Thread.run(Thread.java:748)
[error] java.lang.RuntimeException: Nonzero exit code: 1
[error] 	at sbt.Run$.executeTrapExit(Run.scala:124)
[error] 	at sbt.Run.run(Run.scala:77)
[error] 	at sbt.Defaults$.$anonfun$bgRunMainTask$6(Defaults.scala:1147)
[error] 	at sbt.Defaults$.$anonfun$bgRunMainTask$6$adapted(Defaults.scala:1142)
[error] 	at sbt.internal.BackgroundThreadPool.$anonfun$run$1(DefaultBackgroundJobService.scala:366)
[error] 	at scala.runtime.java8.JFunction0$mcV$sp.apply(JFunction0$mcV$sp.java:12)
[error] 	at scala.util.Try$.apply(Try.scala:209)
[error] 	at sbt.internal.BackgroundThreadPool$BackgroundRunnable.run(DefaultBackgroundJobService.scala:289)
[error] 	at java.util.concurrent.ThreadPoolExecutor.runWorker(ThreadPoolExecutor.java:1149)
[error] 	at java.util.concurrent.ThreadPoolExecutor$Worker.run(ThreadPoolExecutor.java:624)
[error] 	at java.lang.Thread.run(Thread.java:748)
[error] (Compile / runMain) Nonzero exit code: 1
[error] Total time: 1 s, completed Mar 16, 2018 1:45:24 AM
List(1, 2, 3, 4)
Error
Error
Error
Element(greeting,List((type,"hello")),List(Element(text,List((value,"world")),List())))
Element(text,List((value,"world"), (language,"english"), (charset,"utf-8")),List())
Element(world,List(),List(Element(hello,List(),List()), Element(goodbye,List(),List())))
Element(hello,List(),List(Element(world,List(),List())))

Total Points : 16
